# JRE version: OpenJDK Runtime Environment (8.0_242-b01) (build 1.8.0_242-release-1644-b01)
# Java VM: OpenJDK 64-Bit Server VM (25.242-b01 mixed mode windows-amd64 compressed oops)
Heap:
 PSYoungGen      total 79360K, used 49446K [0x00000000e0f00000, 0x00000000e6e00000, 0x0000000100000000)
  eden space 65024K, 54% used [0x00000000e0f00000,0x00000000e314bd60,0x00000000e4e80000)
  from space 14336K, 99% used [0x00000000e5e00000,0x00000000e6bfddc8,0x00000000e6c00000)
  to   space 15872K, 0% used [0x00000000e4e80000,0x00000000e4e80000,0x00000000e5e00000)
 ParOldGen       total 74240K, used 15569K [0x00000000a2c00000, 0x00000000a7480000, 0x00000000e0f00000)
  object space 74240K, 20% used [0x00000000a2c00000,0x00000000a3b344c0,0x00000000a7480000)
 Metaspace       used 45042K, capacity 45722K, committed 46000K, reserved 1089536K
  class space    used 5611K, capacity 5771K, committed 5808K, reserved 1048576K
GC Heap History (10 events):
Event: 36.871 GC heap before
{Heap before GC invocations=8 (full 1):
 PSYoungGen      total 43008K, used 42998K [0x00000000e0f00000, 0x00000000e4700000, 0x0000000100000000)
  eden space 33280K, 100% used [0x00000000e0f00000,0x00000000e2f80000,0x00000000e2f80000)
  from space 9728K, 99% used [0x00000000e3a80000,0x00000000e43fdb78,0x00000000e4400000)
  to   space 11264K, 0% used [0x00000000e2f80000,0x00000000e2f80000,0x00000000e3a80000)
 ParOldGen       total 52736K, used 10313K [0x00000000a2c00000, 0x00000000a5f80000, 0x00000000e0f00000)
  object space 52736K, 19% used [0x00000000a2c00000,0x00000000a3612548,0x00000000a5f80000)
 Metaspace       used 34003K, capacity 34541K, committed 34736K, reserved 1079296K
  class space    used 4367K, capacity 4511K, committed 4528K, reserved 1048576K
Event: 36.889 GC heap after
Heap after GC invocations=8 (full 1):
 PSYoungGen      total 44544K, used 11250K [0x00000000e0f00000, 0x00000000e5a80000, 0x0000000100000000)
  eden space 33280K, 0% used [0x00000000e0f00000,0x00000000e0f00000,0x00000000e2f80000)
  from space 11264K, 99% used [0x00000000e2f80000,0x00000000e3a7c898,0x00000000e3a80000)
  to   space 14848K, 0% used [0x00000000e4c00000,0x00000000e4c00000,0x00000000e5a80000)
 ParOldGen       total 52736K, used 13856K [0x00000000a2c00000, 0x00000000a5f80000, 0x00000000e0f00000)
  object space 52736K, 26% used [0x00000000a2c00000,0x00000000a3988220,0x00000000a5f80000)
 Metaspace       used 34003K, capacity 34541K, committed 34736K, reserved 1079296K
  class space    used 4367K, capacity 4511K, committed 4528K, reserved 1048576K
}
Event: 37.178 GC heap before
{Heap before GC invocations=9 (full 1):
 PSYoungGen      total 44544K, used 13900K [0x00000000e0f00000, 0x00000000e5a80000, 0x0000000100000000)
  eden space 33280K, 7% used [0x00000000e0f00000,0x00000000e1196810,0x00000000e2f80000)
  from space 11264K, 99% used [0x00000000e2f80000,0x00000000e3a7c898,0x00000000e3a80000)
  to   space 14848K, 0% used [0x00000000e4c00000,0x00000000e4c00000,0x00000000e5a80000)
 ParOldGen       total 52736K, used 13856K [0x00000000a2c00000, 0x00000000a5f80000, 0x00000000e0f00000)
  object space 52736K, 26% used [0x00000000a2c00000,0x00000000a3988220,0x00000000a5f80000)
 Metaspace       used 34673K, capacity 35210K, committed 35496K, reserved 1081344K
  class space    used 4434K, capacity 4581K, committed 4656K, reserved 1048576K
Event: 37.193 GC heap after
Heap after GC invocations=9 (full 1):
 PSYoungGen      total 62976K, used 9165K [0x00000000e0f00000, 0x00000000e6000000, 0x0000000100000000)
  eden space 48128K, 0% used [0x00000000e0f00000,0x00000000e0f00000,0x00000000e3e00000)
  from space 14848K, 61% used [0x00000000e4c00000,0x00000000e54f3758,0x00000000e5a80000)
  to   space 14336K, 0% used [0x00000000e3e00000,0x00000000e3e00000,0x00000000e4c00000)
 ParOldGen       total 52736K, used 13905K [0x00000000a2c00000, 0x00000000a5f80000, 0x00000000e0f00000)
  object space 52736K, 26% used [0x00000000a2c00000,0x00000000a39946e0,0x00000000a5f80000)
 Metaspace       used 34673K, capacity 35210K, committed 35496K, reserved 1081344K
  class space    used 4434K, capacity 4581K, committed 4656K, reserved 1048576K
}
Event: 37.194 GC heap before
{Heap before GC invocations=10 (full 2):
 PSYoungGen      total 62976K, used 9165K [0x00000000e0f00000, 0x00000000e6000000, 0x0000000100000000)
  eden space 48128K, 0% used [0x00000000e0f00000,0x00000000e0f00000,0x00000000e3e00000)
  from space 14848K, 61% used [0x00000000e4c00000,0x00000000e54f3758,0x00000000e5a80000)
  to   space 14336K, 0% used [0x00000000e3e00000,0x00000000e3e00000,0x00000000e4c00000)
 ParOldGen       total 52736K, used 13905K [0x00000000a2c00000, 0x00000000a5f80000, 0x00000000e0f00000)
  object space 52736K, 26% used [0x00000000a2c00000,0x00000000a39946e0,0x00000000a5f80000)
 Metaspace       used 34673K, capacity 35210K, committed 35496K, reserved 1081344K
  class space    used 4434K, capacity 4581K, committed 4656K, reserved 1048576K
Event: 37.304 GC heap after
Heap after GC invocations=10 (full 2):
 PSYoungGen      total 62976K, used 0K [0x00000000e0f00000, 0x00000000e6000000, 0x0000000100000000)
  eden space 48128K, 0% used [0x00000000e0f00000,0x00000000e0f00000,0x00000000e3e00000)
  from space 14848K, 0% used [0x00000000e4c00000,0x00000000e4c00000,0x00000000e5a80000)
  to   space 14336K, 0% used [0x00000000e3e00000,0x00000000e3e00000,0x00000000e4c00000)
 ParOldGen       total 74240K, used 14718K [0x00000000a2c00000, 0x00000000a7480000, 0x00000000e0f00000)
  object space 74240K, 19% used [0x00000000a2c00000,0x00000000a3a5fbb0,0x00000000a7480000)
 Metaspace       used 34673K, capacity 35210K, committed 35496K, reserved 1081344K
  class space    used 4434K, capacity 4581K, committed 4656K, reserved 1048576K
}
Event: 44.705 GC heap before
{Heap before GC invocations=11 (full 2):
 PSYoungGen      total 62976K, used 48128K [0x00000000e0f00000, 0x00000000e6000000, 0x0000000100000000)
  eden space 48128K, 100% used [0x00000000e0f00000,0x00000000e3e00000,0x00000000e3e00000)
  from space 14848K, 0% used [0x00000000e4c00000,0x00000000e4c00000,0x00000000e5a80000)
  to   space 14336K, 0% used [0x00000000e3e00000,0x00000000e3e00000,0x00000000e4c00000)
 ParOldGen       total 74240K, used 14718K [0x00000000a2c00000, 0x00000000a7480000, 0x00000000e0f00000)
  object space 74240K, 19% used [0x00000000a2c00000,0x00000000a3a5fbb0,0x00000000a7480000)
 Metaspace       used 38268K, capacity 38886K, committed 39344K, reserved 1083392K
  class space    used 4843K, capacity 4985K, committed 5040K, reserved 1048576K
Event: 44.816 GC heap after
Heap after GC invocations=11 (full 2):
 PSYoungGen      total 62464K, used 9560K [0x00000000e0f00000, 0x00000000e6c00000, 0x0000000100000000)
  eden space 48128K, 0% used [0x00000000e0f00000,0x00000000e0f00000,0x00000000e3e00000)
  from space 14336K, 66% used [0x00000000e3e00000,0x00000000e47561d0,0x00000000e4c00000)
  to   space 14336K, 0% used [0x00000000e5e00000,0x00000000e5e00000,0x00000000e6c00000)
 ParOldGen       total 74240K, used 14726K [0x00000000a2c00000, 0x00000000a7480000, 0x00000000e0f00000)
  object space 74240K, 19% used [0x00000000a2c00000,0x00000000a3a61bb0,0x00000000a7480000)
 Metaspace       used 38268K, capacity 38886K, committed 39344K, reserved 1083392K
  class space    used 4843K, capacity 4985K, committed 5040K, reserved 1048576K
}
Event: 64.682 GC heap before
{Heap before GC invocations=12 (full 2):
 PSYoungGen      total 62464K, used 57688K [0x00000000e0f00000, 0x00000000e6c00000, 0x0000000100000000)
  eden space 48128K, 100% used [0x00000000e0f00000,0x00000000e3e00000,0x00000000e3e00000)
  from space 14336K, 66% used [0x00000000e3e00000,0x00000000e47561d0,0x00000000e4c00000)
  to   space 14336K, 0% used [0x00000000e5e00000,0x00000000e5e00000,0x00000000e6c00000)
 ParOldGen       total 74240K, used 14726K [0x00000000a2c00000, 0x00000000a7480000, 0x00000000e0f00000)
  object space 74240K, 19% used [0x00000000a2c00000,0x00000000a3a61bb0,0x00000000a7480000)
 Metaspace       used 41701K, capacity 42448K, committed 42672K, reserved 1087488K
  class space    used 5121K, capacity 5278K, committed 5296K, reserved 1048576K
Event: 64.864 GC heap after
Heap after GC invocations=12 (full 2):
 PSYoungGen      total 79360K, used 14327K [0x00000000e0f00000, 0x00000000e6e00000, 0x0000000100000000)
  eden space 65024K, 0% used [0x00000000e0f00000,0x00000000e0f00000,0x00000000e4e80000)
  from space 14336K, 99% used [0x00000000e5e00000,0x00000000e6bfddc8,0x00000000e6c00000)
  to   space 15872K, 0% used [0x00000000e4e80000,0x00000000e4e80000,0x00000000e5e00000)
 ParOldGen       total 74240K, used 15569K [0x00000000a2c00000, 0x00000000a7480000, 0x00000000e0f00000)
  object space 74240K, 20% used [0x00000000a2c00000,0x00000000a3b344c0,0x00000000a7480000)
 Metaspace       used 41701K, capacity 42448K, committed 42672K, reserved 1087488K
  class space    used 5121K, capacity 5278K, committed 5296K, reserved 1048576K
}

